{
  "stats": {
    "suites": 1,
    "tests": 1,
    "passes": 1,
    "pending": 0,
    "failures": 0,
    "start": "2024-01-08T14:00:47.016Z",
    "end": "2024-01-08T14:00:52.964Z",
    "duration": 5948,
    "testsRegistered": 1,
    "passPercent": 100,
    "pendingPercent": 0,
    "other": 0,
    "hasOther": false,
    "skipped": 0,
    "hasSkipped": false
  },
  "results": [
    {
      "uuid": "16eafd1b-effd-4abe-bc0f-8f282dfcc9b8",
      "title": "",
      "fullFile": "cypress\\e2e\\e2e.feature",
      "file": "cypress\\e2e\\e2e.feature",
      "beforeHooks": [],
      "afterHooks": [],
      "tests": [],
      "suites": [
        {
          "uuid": "e1b22604-baa4-413c-a96a-d334c7822c07",
          "title": "E2e test - Download tests",
          "fullFile": "",
          "file": "",
          "beforeHooks": [],
          "afterHooks": [],
          "tests": [
            {
              "title": "Download Chrome from the hero's Homepage",
              "fullTitle": "E2e test - Download tests Download Chrome from the hero's Homepage",
              "timedOut": null,
              "duration": 5820,
              "state": "passed",
              "speed": "medium",
              "pass": true,
              "fail": false,
              "pending": false,
              "context": null,
              "code": "const state = window.testState;\nreturn cy\n  .then(() => state.onStartScenario(scenario, indexedSteps))\n  .then(() =>\n    resolveAndRunBeforeHooks.call(this, scenario.tags, state.feature.name)\n  )\n  .then(() =>\n    indexedSteps.forEach((step) =>\n      stepTest.call(this, state, step, rowData)\n    )\n  )\n  .then(() => state.onFinishScenario(scenario));",
              "err": {},
              "uuid": "eab573cb-c8fe-4ffc-bde5-a0f2afccd1ed",
              "parentUUID": "e1b22604-baa4-413c-a96a-d334c7822c07",
              "isHook": false,
              "skipped": false
            }
          ],
          "suites": [],
          "passes": [
            "eab573cb-c8fe-4ffc-bde5-a0f2afccd1ed"
          ],
          "failures": [],
          "pending": [],
          "skipped": [],
          "duration": 5820,
          "root": false,
          "rootEmpty": false,
          "_timeout": 2000
        }
      ],
      "passes": [],
      "failures": [],
      "pending": [],
      "skipped": [],
      "duration": 0,
      "root": true,
      "rootEmpty": true,
      "_timeout": 2000
    }
  ],
  "meta": {
    "mocha": {
      "version": "7.0.1"
    },
    "mochawesome": {
      "options": {
        "quiet": false,
        "reportFilename": "mochawesome",
        "saveHtml": true,
        "saveJson": true,
        "consoleReporter": "spec",
        "useInlineDiffs": false,
        "code": true
      },
      "version": "7.1.3"
    },
    "marge": {
      "options": {
        "id": "default",
        "reportDir": "results/mochawesome-report"
      },
      "version": "6.2.0"
    }
  }
}