{
  "stats": {
    "suites": 1,
    "tests": 1,
    "passes": 1,
    "pending": 0,
    "failures": 0,
    "start": "2024-01-08T13:43:59.299Z",
    "end": "2024-01-08T13:44:09.151Z",
    "duration": 9852,
    "testsRegistered": 1,
    "passPercent": 100,
    "pendingPercent": 0,
    "other": 0,
    "hasOther": false,
    "skipped": 0,
    "hasSkipped": false
  },
  "results": [
    {
      "uuid": "0262e19b-26be-4024-9662-6af7af7b0772",
      "title": "",
      "fullFile": "cypress\\e2e\\e2e.feature",
      "file": "cypress\\e2e\\e2e.feature",
      "beforeHooks": [],
      "afterHooks": [],
      "tests": [],
      "suites": [
        {
          "uuid": "e822963e-7978-4a8c-b6db-ecfe65935f68",
          "title": "E2e test - Download tests",
          "fullFile": "",
          "file": "",
          "beforeHooks": [],
          "afterHooks": [],
          "tests": [
            {
              "title": "Download Chrome from the hero's Homepage",
              "fullTitle": "E2e test - Download tests Download Chrome from the hero's Homepage",
              "timedOut": null,
              "duration": 9540,
              "state": "passed",
              "speed": "medium",
              "pass": true,
              "fail": false,
              "pending": false,
              "context": null,
              "code": "const state = window.testState;\nreturn cy\n  .then(() => state.onStartScenario(scenario, indexedSteps))\n  .then(() =>\n    resolveAndRunBeforeHooks.call(this, scenario.tags, state.feature.name)\n  )\n  .then(() =>\n    indexedSteps.forEach((step) =>\n      stepTest.call(this, state, step, rowData)\n    )\n  )\n  .then(() => state.onFinishScenario(scenario));",
              "err": {},
              "uuid": "faf8e2be-27df-434d-96f8-83d0c7819442",
              "parentUUID": "e822963e-7978-4a8c-b6db-ecfe65935f68",
              "isHook": false,
              "skipped": false
            }
          ],
          "suites": [],
          "passes": [
            "faf8e2be-27df-434d-96f8-83d0c7819442"
          ],
          "failures": [],
          "pending": [],
          "skipped": [],
          "duration": 9540,
          "root": false,
          "rootEmpty": false,
          "_timeout": 2000
        }
      ],
      "passes": [],
      "failures": [],
      "pending": [],
      "skipped": [],
      "duration": 0,
      "root": true,
      "rootEmpty": true,
      "_timeout": 2000
    }
  ],
  "meta": {
    "mocha": {
      "version": "7.0.1"
    },
    "mochawesome": {
      "options": {
        "quiet": false,
        "reportFilename": "mochawesome",
        "saveHtml": true,
        "saveJson": true,
        "consoleReporter": "spec",
        "useInlineDiffs": false,
        "code": true
      },
      "version": "7.1.3"
    },
    "marge": {
      "options": {
        "id": "default",
        "reportDir": "results/mochawesome-report"
      },
      "version": "6.2.0"
    }
  }
}