{
  "stats": {
    "suites": 1,
    "tests": 1,
    "passes": 1,
    "pending": 0,
    "failures": 0,
    "start": "2024-01-08T14:00:18.386Z",
    "end": "2024-01-08T14:00:32.951Z",
    "duration": 14565,
    "testsRegistered": 1,
    "passPercent": 100,
    "pendingPercent": 0,
    "other": 0,
    "hasOther": false,
    "skipped": 0,
    "hasSkipped": false
  },
  "results": [
    {
      "uuid": "d444a51e-e25d-4fa3-adb0-4e4fdf26d9d0",
      "title": "",
      "fullFile": "cypress/e2e/e2e.feature",
      "file": "cypress/e2e.feature",
      "beforeHooks": [],
      "afterHooks": [],
      "tests": [],
      "suites": [
        {
          "uuid": "0a320142-d1a2-4c8c-a2ce-e649ec2b8740",
          "title": "E2e test - Download tests",
          "fullFile": "",
          "file": "",
          "beforeHooks": [],
          "afterHooks": [],
          "tests": [
            {
              "title": "Download Chrome from the hero's Homepage",
              "fullTitle": "E2e test - Download tests Download Chrome from the hero's Homepage",
              "timedOut": null,
              "duration": 14283,
              "state": "passed",
              "speed": "slow",
              "pass": true,
              "fail": false,
              "pending": false,
              "context": null,
              "code": "const state = window.testState;\nreturn cy\n  .then(() => state.onStartScenario(scenario, indexedSteps))\n  .then(() =>\n    resolveAndRunBeforeHooks.call(this, scenario.tags, state.feature.name)\n  )\n  .then(() =>\n    indexedSteps.forEach((step) =>\n      stepTest.call(this, state, step, rowData)\n    )\n  )\n  .then(() => state.onFinishScenario(scenario));",
              "err": {},
              "uuid": "232f0f6c-dc27-4629-b510-65a36f6f4cf1",
              "parentUUID": "0a320142-d1a2-4c8c-a2ce-e649ec2b8740",
              "isHook": false,
              "skipped": false
            }
          ],
          "suites": [],
          "passes": [
            "232f0f6c-dc27-4629-b510-65a36f6f4cf1"
          ],
          "failures": [],
          "pending": [],
          "skipped": [],
          "duration": 14283,
          "root": false,
          "rootEmpty": false,
          "_timeout": 2000
        }
      ],
      "passes": [],
      "failures": [],
      "pending": [],
      "skipped": [],
      "duration": 0,
      "root": true,
      "rootEmpty": true,
      "_timeout": 2000
    }
  ],
  "meta": {
    "mocha": {
      "version": "7.0.1"
    },
    "mochawesome": {
      "options": {
        "quiet": false,
        "reportFilename": "mochawesome",
        "saveHtml": true,
        "saveJson": true,
        "consoleReporter": "spec",
        "useInlineDiffs": false,
        "code": true
      },
      "version": "7.1.3"
    },
    "marge": {
      "options": {
        "id": "default",
        "reportDir": "results/mochawesome-report"
      },
      "version": "6.2.0"
    }
  }
}